2014-07-26 01:17:15.115 HelloWorld[4321:18e03] Multi-tasking -> Device: YES, App: YES
2014-07-26 01:17:15.156 HelloWorld[4321:18e03] Unlimited access to network resources
2014-07-26 01:17:15.161 HelloWorld[4321:18e03] 

Started backup to iCloud! Please be careful.
Your application might rejected by Apple if you store too much data.
For more information please read "iOS Data Storage Guidelines"
You could find it at the following address https://developer.apple.com/icloud/documentation/data-storage/ .

2014-07-26 01:17:15.276 HelloWorld[4321:18e03] Resetting plugins due to page load.
2014-07-26 01:17:15.996 HelloWorld[4321:18e03] Finished load of: file:///Users/macbook/Library/Application%20Support/iPhone%20Simulator/6.1/Applications/BDE1B8D5-0319-4582-9287-36EC0E36CF78/HelloWorld.app/www/index.html
Terminating in response to SpringBoard's termination.
2014-08-01 11:37:38.377 HelloWorld[4206:18e03] Multi-tasking -> Device: YES, App: YES
2014-08-01 11:37:38.814 HelloWorld[4206:18e03] Unlimited access to network resources
2014-08-01 11:37:38.888 HelloWorld[4206:18e03] 

Started backup to iCloud! Please be careful.
Your application might rejected by Apple if you store too much data.
For more information please read "iOS Data Storage Guidelines"
You could find it at the following address https://developer.apple.com/icloud/documentation/data-storage/ .

2014-08-01 11:37:41.904 HelloWorld[4206:18e03] Resetting plugins due to page load.
2014-08-01 11:37:43.241 HelloWorld[4206:18e03] Finished load of: file:///Users/macbook/Library/Application%20Support/iPhone%20Simulator/6.1/Applications/BDE1B8D5-0319-4582-9287-36EC0E36CF78/HelloWorld.app/www/index.html
2014-08-01 12:36:05.509 HelloWorld[4346:18e03] Multi-tasking -> Device: YES, App: YES
2014-08-01 12:36:05.714 HelloWorld[4346:18e03] Unlimited access to network resources
2014-08-01 12:36:05.745 HelloWorld[4346:18e03] 

Started backup to iCloud! Please be careful.
Your application might rejected by Apple if you store too much data.
For more information please read "iOS Data Storage Guidelines"
You could find it at the following address https://developer.apple.com/icloud/documentation/data-storage/ .

2014-08-01 12:36:07.619 HelloWorld[4346:18e03] Resetting plugins due to page load.
2014-08-01 12:36:08.401 HelloWorld[4346:18e03] Finished load of: file:///Users/macbook/Library/Application%20Support/iPhone%20Simulator/6.1/Applications/BDE1B8D5-0319-4582-9287-36EC0E36CF78/HelloWorld.app/www/index.html
2014-08-01 12:45:52.253 HelloWorld[4439:18e03] Multi-tasking -> Device: YES, App: YES
2014-08-01 12:45:52.297 HelloWorld[4439:18e03] Unlimited access to network resources
2014-08-01 12:45:52.325 HelloWorld[4439:18e03] 

Started backup to iCloud! Please be careful.
Your application might rejected by Apple if you store too much data.
For more information please read "iOS Data Storage Guidelines"
You could find it at the following address https://developer.apple.com/icloud/documentation/data-storage/ .

2014-08-01 12:45:52.389 HelloWorld[4439:18e03] Resetting plugins due to page load.
2014-08-01 12:45:52.743 HelloWorld[4439:18e03] Finished load of: file:///Users/macbook/Library/Application%20Support/iPhone%20Simulator/6.1/Applications/BDE1B8D5-0319-4582-9287-36EC0E36CF78/HelloWorld.app/www/index.html
Terminating in response to SpringBoard's termination.
2014-08-04 20:59:12.888 HelloWorld[5018:18e03] Multi-tasking -> Device: YES, App: YES
2014-08-04 20:59:12.900 HelloWorld[5018:18e03] Unlimited access to network resources
2014-08-04 20:59:12.909 HelloWorld[5018:18e03] 

Started backup to iCloud! Please be careful.
Your application might rejected by Apple if you store too much data.
For more information please read "iOS Data Storage Guidelines"
You could find it at the following address https://developer.apple.com/icloud/documentation/data-storage/ .

2014-08-04 20:59:13.867 HelloWorld[5018:18e03] Resetting plugins due to page load.
2014-08-04 20:59:14.486 HelloWorld[5018:18e03] Finished load of: file:///Users/macbook/Library/Application%20Support/iPhone%20Simulator/6.1/Applications/BDE1B8D5-0319-4582-9287-36EC0E36CF78/HelloWorld.app/www/index.html
Terminating in response to SpringBoard's termination.
2014-08-04 21:00:55.607 HelloWorld[5442:18e03] Multi-tasking -> Device: YES, App: YES
2014-08-04 21:00:55.622 HelloWorld[5442:18e03] Unlimited access to network resources
2014-08-04 21:00:55.629 HelloWorld[5442:18e03] 

Started backup to iCloud! Please be careful.
Your application might rejected by Apple if you store too much data.
For more information please read "iOS Data Storage Guidelines"
You could find it at the following address https://developer.apple.com/icloud/documentation/data-storage/ .

2014-08-04 21:00:55.694 HelloWorld[5442:18e03] Resetting plugins due to page load.
2014-08-04 21:01:35.855 HelloWorld[5442:1b003] void SendDelegateMessage(NSInvocation *): delegate (webView:runJavaScriptAlertPanelWithMessage:initiatedByFrame:) failed to return after waiting 10 seconds. main run loop mode: kCFRunLoopDefaultMode
2014-08-04 21:01:35.868 HelloWorld[5442:18e03] Finished load of: file:///Users/macbook/Library/Application%20Support/iPhone%20Simulator/6.1/Applications/BDE1B8D5-0319-4582-9287-36EC0E36CF78/HelloWorld.app/www/index.html
Terminating in response to SpringBoard's termination.
2014-08-05 23:00:43.720 HelloWorld[5988:18e03] Multi-tasking -> Device: YES, App: YES
2014-08-05 23:00:43.733 HelloWorld[5988:18e03] Unlimited access to network resources
2014-08-05 23:00:43.770 HelloWorld[5988:18e03] 

Started backup to iCloud! Please be careful.
Your application might rejected by Apple if you store too much data.
For more information please read "iOS Data Storage Guidelines"
You could find it at the following address https://developer.apple.com/icloud/documentation/data-storage/ .

2014-08-05 23:00:43.867 HelloWorld[5988:18e03] Resetting plugins due to page load.
2014-08-05 23:00:55.251 HelloWorld[5988:1b203] void SendDelegateMessage(NSInvocation *): delegate (webView:runJavaScriptAlertPanelWithMessage:initiatedByFrame:) failed to return after waiting 10 seconds. main run loop mode: kCFRunLoopDefaultMode
2014-08-05 23:00:55.330 HelloWorld[5988:18e03] Finished load of: file:///Users/macbook/Library/Application%20Support/iPhone%20Simulator/6.1/Applications/BDE1B8D5-0319-4582-9287-36EC0E36CF78/HelloWorld.app/www/index.html
2014-08-05 23:06:19.114 HelloWorld[6520:18e03] Multi-tasking -> Device: YES, App: YES
2014-08-05 23:06:19.125 HelloWorld[6520:18e03] Unlimited access to network resources
2014-08-05 23:06:19.129 HelloWorld[6520:18e03] 

Started backup to iCloud! Please be careful.
Your application might rejected by Apple if you store too much data.
For more information please read "iOS Data Storage Guidelines"
You could find it at the following address https://developer.apple.com/icloud/documentation/data-storage/ .

2014-08-05 23:06:19.166 HelloWorld[6520:18e03] Resetting plugins due to page load.
2014-08-05 23:06:19.334 HelloWorld[6520:18e03] Finished load of: file:///Users/macbook/Library/Application%20Support/iPhone%20Simulator/6.1/Applications/BDE1B8D5-0319-4582-9287-36EC0E36CF78/HelloWorld.app/www/index.html
Terminating in response to SpringBoard's termination.
2014-08-05 23:08:25.618 HelloWorld[6942:18e03] Multi-tasking -> Device: YES, App: YES
2014-08-05 23:08:25.629 HelloWorld[6942:18e03] Unlimited access to network resources
2014-08-05 23:08:25.634 HelloWorld[6942:18e03] 

Started backup to iCloud! Please be careful.
Your application might rejected by Apple if you store too much data.
For more information please read "iOS Data Storage Guidelines"
You could find it at the following address https://developer.apple.com/icloud/documentation/data-storage/ .

2014-08-05 23:08:25.675 HelloWorld[6942:18e03] Resetting plugins due to page load.
2014-08-05 23:08:25.759 HelloWorld[6942:18e03] Finished load of: file:///Users/macbook/Library/Application%20Support/iPhone%20Simulator/6.1/Applications/BDE1B8D5-0319-4582-9287-36EC0E36CF78/HelloWorld.app/www/index.html
2014-08-05 23:09:21.691 HelloWorld[6998:18e03] Multi-tasking -> Device: YES, App: YES
2014-08-05 23:09:21.702 HelloWorld[6998:18e03] Unlimited access to network resources
2014-08-05 23:09:21.719 HelloWorld[6998:18e03] 

Started backup to iCloud! Please be careful.
Your application might rejected by Apple if you store too much data.
For more information please read "iOS Data Storage Guidelines"
You could find it at the following address https://developer.apple.com/icloud/documentation/data-storage/ .

2014-08-05 23:09:21.762 HelloWorld[6998:18e03] Resetting plugins due to page load.
2014-08-05 23:09:21.846 HelloWorld[6998:18e03] Finished load of: file:///Users/macbook/Library/Application%20Support/iPhone%20Simulator/6.1/Applications/BDE1B8D5-0319-4582-9287-36EC0E36CF78/HelloWorld.app/www/index.html
2014-08-05 23:10:39.940 HelloWorld[7205:18e03] Multi-tasking -> Device: YES, App: YES
2014-08-05 23:10:39.956 HelloWorld[7205:18e03] Unlimited access to network resources
2014-08-05 23:10:39.971 HelloWorld[7205:18e03] 

Started backup to iCloud! Please be careful.
Your application might rejected by Apple if you store too much data.
For more information please read "iOS Data Storage Guidelines"
You could find it at the following address https://developer.apple.com/icloud/documentation/data-storage/ .

2014-08-05 23:10:40.048 HelloWorld[7205:18e03] Resetting plugins due to page load.
2014-08-05 23:10:40.159 HelloWorld[7205:18e03] Finished load of: file:///Users/macbook/Library/Application%20Support/iPhone%20Simulator/6.1/Applications/BDE1B8D5-0319-4582-9287-36EC0E36CF78/HelloWorld.app/www/index.html
Terminating in response to SpringBoard's termination.
2014-08-05 23:12:10.263 HelloWorld[7408:18e03] Multi-tasking -> Device: YES, App: YES
2014-08-05 23:12:10.274 HelloWorld[7408:18e03] Unlimited access to network resources
2014-08-05 23:12:10.278 HelloWorld[7408:18e03] 

Started backup to iCloud! Please be careful.
Your application might rejected by Apple if you store too much data.
For more information please read "iOS Data Storage Guidelines"
You could find it at the following address https://developer.apple.com/icloud/documentation/data-storage/ .

2014-08-05 23:12:10.321 HelloWorld[7408:18e03] Resetting plugins due to page load.
2014-08-05 23:12:10.392 HelloWorld[7408:18e03] Finished load of: file:///Users/macbook/Library/Application%20Support/iPhone%20Simulator/6.1/Applications/BDE1B8D5-0319-4582-9287-36EC0E36CF78/HelloWorld.app/www/index.html
Terminating in response to SpringBoard's termination.
2014-08-05 23:15:10.386 HelloWorld[7847:18e03] Multi-tasking -> Device: YES, App: YES
2014-08-05 23:15:10.400 HelloWorld[7847:18e03] Unlimited access to network resources
2014-08-05 23:15:10.406 HelloWorld[7847:18e03] 

Started backup to iCloud! Please be careful.
Your application might rejected by Apple if you store too much data.
For more information please read "iOS Data Storage Guidelines"
You could find it at the following address https://developer.apple.com/icloud/documentation/data-storage/ .

2014-08-05 23:15:10.506 HelloWorld[7847:18e03] Resetting plugins due to page load.
2014-08-05 23:15:10.722 HelloWorld[7847:18e03] Finished load of: file:///Users/macbook/Library/Application%20Support/iPhone%20Simulator/6.1/Applications/BDE1B8D5-0319-4582-9287-36EC0E36CF78/HelloWorld.app/www/index.html
Terminating in response to SpringBoard's termination.
2014-08-05 23:17:16.954 HelloWorld[8149:18e03] Multi-tasking -> Device: YES, App: YES
2014-08-05 23:17:16.984 HelloWorld[8149:18e03] Unlimited access to network resources
2014-08-05 23:17:17.009 HelloWorld[8149:18e03] 

Started backup to iCloud! Please be careful.
Your application might rejected by Apple if you store too much data.
For more information please read "iOS Data Storage Guidelines"
You could find it at the following address https://developer.apple.com/icloud/documentation/data-storage/ .

2014-08-05 23:17:17.066 HelloWorld[8149:18e03] Resetting plugins due to page load.
2014-08-05 23:17:17.294 HelloWorld[8149:18e03] Finished load of: file:///Users/macbook/Library/Application%20Support/iPhone%20Simulator/6.1/Applications/BDE1B8D5-0319-4582-9287-36EC0E36CF78/HelloWorld.app/www/index.html
Terminating in response to SpringBoard's termination.
2014-08-05 23:33:27.053 HelloWorld[8514:18e03] Multi-tasking -> Device: YES, App: YES
2014-08-05 23:33:27.567 HelloWorld[8514:18e03] Unlimited access to network resources
2014-08-05 23:33:27.586 HelloWorld[8514:18e03] 

Started backup to iCloud! Please be careful.
Your application might rejected by Apple if you store too much data.
For more information please read "iOS Data Storage Guidelines"
You could find it at the following address https://developer.apple.com/icloud/documentation/data-storage/ .

2014-08-05 23:33:29.348 HelloWorld[8514:18e03] Resetting plugins due to page load.
2014-08-05 23:33:33.216 HelloWorld[8514:18e03] Finished load of: file:///Users/macbook/Library/Application%20Support/iPhone%20Simulator/6.1/Applications/BDE1B8D5-0319-4582-9287-36EC0E36CF78/HelloWorld.app/www/index.html
Terminating in response to SpringBoard's termination.
2014-08-05 23:40:27.775 HelloWorld[8824:18e03] Multi-tasking -> Device: YES, App: YES
2014-08-05 23:40:27.846 HelloWorld[8824:18e03] Unlimited access to network resources
2014-08-05 23:40:27.879 HelloWorld[8824:18e03] 

Started backup to iCloud! Please be careful.
Your application might rejected by Apple if you store too much data.
For more information please read "iOS Data Storage Guidelines"
You could find it at the following address https://developer.apple.com/icloud/documentation/data-storage/ .

2014-08-05 23:40:27.992 HelloWorld[8824:18e03] Resetting plugins due to page load.
2014-08-05 23:40:28.331 HelloWorld[8824:18e03] Finished load of: file:///Users/macbook/Library/Application%20Support/iPhone%20Simulator/6.1/Applications/BDE1B8D5-0319-4582-9287-36EC0E36CF78/HelloWorld.app/www/index.html
Terminating in response to SpringBoard's termination.
2014-08-06 00:52:08.434 HelloWorld[9244:18e03] Multi-tasking -> Device: YES, App: YES
2014-08-06 00:52:08.658 HelloWorld[9244:18e03] Unlimited access to network resources
2014-08-06 00:52:08.764 HelloWorld[9244:18e03] 

Started backup to iCloud! Please be careful.
Your application might rejected by Apple if you store too much data.
For more information please read "iOS Data Storage Guidelines"
You could find it at the following address https://developer.apple.com/icloud/documentation/data-storage/ .

2014-08-06 00:52:10.096 HelloWorld[9244:18e03] Resetting plugins due to page load.
2014-08-06 00:52:10.838 HelloWorld[9244:18e03] Finished load of: file:///Users/macbook/Library/Application%20Support/iPhone%20Simulator/6.1/Applications/BDE1B8D5-0319-4582-9287-36EC0E36CF78/HelloWorld.app/www/index.html
Terminating in response to SpringBoard's termination.
2014-08-06 01:00:23.291 HelloWorld[9564:18e03] Multi-tasking -> Device: YES, App: YES
2014-08-06 01:00:23.340 HelloWorld[9564:18e03] Unlimited access to network resources
2014-08-06 01:00:23.355 HelloWorld[9564:18e03] 

Started backup to iCloud! Please be careful.
Your application might rejected by Apple if you store too much data.
For more information please read "iOS Data Storage Guidelines"
You could find it at the following address https://developer.apple.com/icloud/documentation/data-storage/ .

2014-08-06 01:00:23.497 HelloWorld[9564:18e03] Resetting plugins due to page load.
2014-08-06 01:00:23.898 HelloWorld[9564:18e03] Finished load of: file:///Users/macbook/Library/Application%20Support/iPhone%20Simulator/6.1/Applications/BDE1B8D5-0319-4582-9287-36EC0E36CF78/HelloWorld.app/www/index.html
2014-08-06 01:00:34.724 HelloWorld[9564:18e03] Resetting plugins due to page load.
2014-08-06 01:00:35.031 HelloWorld[9564:18e03] Finished load of: file:///Users/macbook/Library/Application%20Support/iPhone%20Simulator/6.1/Applications/BDE1B8D5-0319-4582-9287-36EC0E36CF78/HelloWorld.app/www/spec.html
Terminating in response to SpringBoard's termination.
2014-08-06 11:56:34.972 HelloWorld[9948:18e03] Multi-tasking -> Device: YES, App: YES
2014-08-06 11:56:35.029 HelloWorld[9948:18e03] Unlimited access to network resources
2014-08-06 11:56:35.076 HelloWorld[9948:18e03] 

Started backup to iCloud! Please be careful.
Your application might rejected by Apple if you store too much data.
For more information please read "iOS Data Storage Guidelines"
You could find it at the following address https://developer.apple.com/icloud/documentation/data-storage/ .

2014-08-06 11:56:35.243 HelloWorld[9948:18e03] Resetting plugins due to page load.
2014-08-06 11:56:35.949 HelloWorld[9948:18e03] Finished load of: file:///Users/macbook/Library/Application%20Support/iPhone%20Simulator/6.1/Applications/BDE1B8D5-0319-4582-9287-36EC0E36CF78/HelloWorld.app/www/index.html
Terminating in response to SpringBoard's termination.
2014-08-06 12:04:36.877 HelloWorld[10333:18e03] Multi-tasking -> Device: YES, App: YES
2014-08-06 12:04:36.985 HelloWorld[10333:18e03] Unlimited access to network resources
2014-08-06 12:04:37.030 HelloWorld[10333:18e03] 

Started backup to iCloud! Please be careful.
Your application might rejected by Apple if you store too much data.
For more information please read "iOS Data Storage Guidelines"
You could find it at the following address https://developer.apple.com/icloud/documentation/data-storage/ .

2014-08-06 12:04:37.130 HelloWorld[10333:18e03] Resetting plugins due to page load.
2014-08-06 12:04:37.670 HelloWorld[10333:18e03] Finished load of: file:///Users/macbook/Library/Application%20Support/iPhone%20Simulator/6.1/Applications/BDE1B8D5-0319-4582-9287-36EC0E36CF78/HelloWorld.app/www/index.html
Terminating in response to SpringBoard's termination.
2014-08-06 13:56:10.217 HelloWorld[10881:18e03] Multi-tasking -> Device: YES, App: YES
2014-08-06 13:56:10.444 HelloWorld[10881:18e03] Unlimited access to network resources
2014-08-06 13:56:10.535 HelloWorld[10881:18e03] 

Started backup to iCloud! Please be careful.
Your application might rejected by Apple if you store too much data.
For more information please read "iOS Data Storage Guidelines"
You could find it at the following address https://developer.apple.com/icloud/documentation/data-storage/ .

2014-08-06 13:56:13.410 HelloWorld[10881:18e03] Resetting plugins due to page load.
2014-08-06 13:56:15.574 HelloWorld[10881:18e03] Finished load of: file:///Users/macbook/Library/Application%20Support/iPhone%20Simulator/6.1/Applications/BDE1B8D5-0319-4582-9287-36EC0E36CF78/HelloWorld.app/www/index.html
2014-08-06 13:57:25.376 HelloWorld[10881:1b103] void SendDelegateMessage(NSInvocation *): delegate (webView:runJavaScriptAlertPanelWithMessage:initiatedByFrame:) failed to return after waiting 10 seconds. main run loop mode: kCFRunLoopDefaultMode
Terminating in response to SpringBoard's termination.
2014-08-06 13:59:14.282 HelloWorld[11200:18e03] Multi-tasking -> Device: YES, App: YES
2014-08-06 13:59:14.335 HelloWorld[11200:18e03] Unlimited access to network resources
2014-08-06 13:59:14.356 HelloWorld[11200:18e03] 

Started backup to iCloud! Please be careful.
Your application might rejected by Apple if you store too much data.
For more information please read "iOS Data Storage Guidelines"
You could find it at the following address https://developer.apple.com/icloud/documentation/data-storage/ .

2014-08-06 13:59:14.433 HelloWorld[11200:18e03] Resetting plugins due to page load.
2014-08-06 13:59:14.949 HelloWorld[11200:18e03] Finished load of: file:///Users/macbook/Library/Application%20Support/iPhone%20Simulator/6.1/Applications/BDE1B8D5-0319-4582-9287-36EC0E36CF78/HelloWorld.app/www/index.html
2014-08-06 13:59:37.497 HelloWorld[11200:18e03] Resetting plugins due to page load.
2014-08-06 13:59:52.883 HelloWorld[11200:1b203] void SendDelegateMessage(NSInvocation *): delegate (webView:runJavaScriptTextInputPanelWithPrompt:defaultText:initiatedByFrame:) failed to return after waiting 10 seconds. main run loop mode: kCFRunLoopDefaultMode
2014-08-06 13:59:52.943 HelloWorld[11200:18e03] Finished load of: file:///Users/macbook/Library/Application%20Support/iPhone%20Simulator/6.1/Applications/BDE1B8D5-0319-4582-9287-36EC0E36CF78/HelloWorld.app/www/index2.html
Terminating in response to SpringBoard's termination.
2014-08-06 22:17:11.166 HelloWorld[11592:18e03] Multi-tasking -> Device: YES, App: YES
2014-08-06 22:17:11.242 HelloWorld[11592:18e03] Unlimited access to network resources
2014-08-06 22:17:11.268 HelloWorld[11592:18e03] 

Started backup to iCloud! Please be careful.
Your application might rejected by Apple if you store too much data.
For more information please read "iOS Data Storage Guidelines"
You could find it at the following address https://developer.apple.com/icloud/documentation/data-storage/ .

2014-08-06 22:17:12.482 HelloWorld[11592:18e03] Resetting plugins due to page load.
2014-08-06 22:17:13.109 HelloWorld[11592:18e03] Finished load of: file:///Users/macbook/Library/Application%20Support/iPhone%20Simulator/6.1/Applications/BDE1B8D5-0319-4582-9287-36EC0E36CF78/HelloWorld.app/www/index.html
Terminating in response to SpringBoard's termination.
